c:\users\deepti.ramani\documents\textadventurevisualstudio\textadventureproject\debug\vc141.pdb
c:\users\deepti.ramani\documents\textadventurevisualstudio\textadventureproject\debug\vc141.idb
c:\users\deepti.ramani\documents\textadventurevisualstudio\textadventureproject\debug\itemlist.obj
c:\users\deepti.ramani\documents\textadventurevisualstudio\textadventureproject\debug\item.obj
c:\users\deepti.ramani\documents\textadventurevisualstudio\textadventureproject\debug\inventorycommandhandler.obj
c:\users\deepti.ramani\documents\textadventurevisualstudio\textadventureproject\debug\inputprovider.obj
c:\users\deepti.ramani\documents\textadventurevisualstudio\textadventureproject\debug\helpcommandhandler.obj
c:\users\deepti.ramani\documents\textadventurevisualstudio\textadventureproject\debug\goldpiecefunctions.obj
c:\users\deepti.ramani\documents\textadventurevisualstudio\textadventureproject\debug\gamestatefactory.obj
c:\users\deepti.ramani\documents\textadventurevisualstudio\textadventureproject\debug\gamestate.obj
c:\users\deepti.ramani\documents\textadventurevisualstudio\textadventureproject\debug\gameflags.obj
c:\users\deepti.ramani\documents\textadventurevisualstudio\textadventureproject\debug\exitdoorfunctions.obj
c:\users\deepti.ramani\documents\textadventurevisualstudio\textadventureproject\debug\eggfunctions.obj
c:\users\deepti.ramani\documents\textadventurevisualstudio\textadventureproject\debug\commandlist.obj
c:\users\deepti.ramani\documents\textadventurevisualstudio\textadventureproject\debug\commandhandler.obj
c:\users\deepti.ramani\documents\textadventurevisualstudio\textadventureproject\debug\main.obj
c:\users\deepti.ramani\documents\textadventurevisualstudio\textadventureproject\debug\commandlistfactory.obj
c:\users\deepti.ramani\documents\textadventurevisualstudio\textadventureproject\debug\stdafx.obj
c:\users\deepti.ramani\documents\textadventurevisualstudio\textadventureproject\debug\roomexit.obj
c:\users\deepti.ramani\documents\textadventurevisualstudio\textadventureproject\debug\quitcommandhandler.obj
c:\users\deepti.ramani\documents\textadventurevisualstudio\textadventureproject\debug\worlddata.obj
c:\users\deepti.ramani\documents\textadventurevisualstudio\textadventureproject\debug\usecommandhandler.obj
c:\users\deepti.ramani\documents\textadventurevisualstudio\textadventureproject\debug\takecommandhandler.obj
c:\users\deepti.ramani\documents\textadventurevisualstudio\textadventureproject\debug\lookcommandhandler.obj
c:\users\deepti.ramani\documents\textadventurevisualstudio\textadventureproject\debug\gocommandhandler.obj
c:\users\deepti.ramani\documents\textadventurevisualstudio\textadventureproject\debug\dropcommandhandler.obj
c:\users\deepti.ramani\documents\textadventurevisualstudio\textadventureproject\debug\character.obj
c:\users\deepti.ramani\documents\textadventurevisualstudio\textadventureproject\debug\brickfunctions.obj
c:\users\deepti.ramani\documents\textadventurevisualstudio\textadventureproject\debug\worlddatafactory.obj
c:\users\deepti.ramani\documents\textadventurevisualstudio\textadventureproject\debug\room.obj
c:\users\deepti.ramani\documents\textadventurevisualstudio\textadventureproject\debug\characterlist.obj
c:\users\ryan.scheppler\desktop\gam100spring2018\c\projects\assignment2-textadventure\debug\gam100project.ilk
c:\users\ryan.scheppler\desktop\gam100spring2018\c\projects\assignment2-textadventure\debug\gam100project.exe
c:\users\ryan.scheppler\desktop\gam100spring2018\c\projects\assignment2-textadventure\debug\gam100project.pdb
c:\users\deepti.ramani\documents\textadventurevisualstudio\textadventureproject\debug\gam100project.ilk
c:\users\deepti.ramani\documents\textadventurevisualstudio\textadventureproject\debug\gam100project.exe
c:\users\deepti.ramani\documents\textadventurevisualstudio\textadventureproject\debug\gam100project.pdb
c:\users\deepti.ramani\documents\textadventurevisualstudio\textadventureproject\debug\gam100project.tlog\cl.command.1.tlog
c:\users\deepti.ramani\documents\textadventurevisualstudio\textadventureproject\debug\gam100project.tlog\cl.read.1.tlog
c:\users\deepti.ramani\documents\textadventurevisualstudio\textadventureproject\debug\gam100project.tlog\cl.write.1.tlog
c:\users\deepti.ramani\documents\textadventurevisualstudio\textadventureproject\debug\gam100project.tlog\link.command.1.tlog
c:\users\deepti.ramani\documents\textadventurevisualstudio\textadventureproject\debug\gam100project.tlog\link.read.1.tlog
c:\users\deepti.ramani\documents\textadventurevisualstudio\textadventureproject\debug\gam100project.tlog\link.write.1.tlog
